<?xml version="1.0" encoding="UTF-8"?>
<!-- Generated by org.testng.reporters.JUnitReportReporter -->
<testsuite hostname="IdeaPad5" failures="0" tests="1" name="package1.GuruDemo" time="6.643" errors="0" timestamp="2023-07-06T16:31:59 IST" skipped="0">
  <testcase classname="package1.GuruDemo" name="testing" time="6.643"/>
</testsuite> <!-- package1.GuruDemo -->
