<?xml version="1.0" encoding="UTF-8"?>
<!-- Generated by org.testng.reporters.JUnitReportReporter -->
<testsuite hostname="IdeaPad5" failures="0" tests="1" name="package1.WindowHandling" time="11.962" errors="0" timestamp="2023-07-07T15:11:01 IST" skipped="0">
  <testcase classname="package1.WindowHandling" name="test" time="11.962"/>
</testsuite> <!-- package1.WindowHandling -->
